# JRE version: OpenJDK Runtime Environment (8.0-b10) (build 1.8.0-262-b10)
# Java VM: OpenJDK 64-Bit Server VM (25.71-b10 mixed mode windows-amd64 compressed oops)
Heap:
 PSYoungGen      total 87040K, used 17559K [0x00000000d5980000, 0x00000000e0b00000, 0x0000000100000000)
  eden space 65024K, 2% used [0x00000000d5980000,0x00000000d5b4f7f8,0x00000000d9900000)
  from space 22016K, 71% used [0x00000000d9900000,0x00000000da856668,0x00000000dae80000)
  to   space 27648K, 0% used [0x00000000df000000,0x00000000df000000,0x00000000e0b00000)
 ParOldGen       total 114176K, used 60817K [0x0000000080c00000, 0x0000000087b80000, 0x00000000d5980000)
  object space 114176K, 53% used [0x0000000080c00000,0x0000000084764680,0x0000000087b80000)
 Metaspace       used 20777K, capacity 21850K, committed 22144K, reserved 1069056K
  class space    used 2709K, capacity 2908K, committed 2944K, reserved 1048576K
GC Heap History (10 events):
Event: 32.966 GC heap before
{Heap before GC invocations=5 (full 1):
 PSYoungGen      total 38400K, used 33280K [0x00000000d5980000, 0x00000000d8400000, 0x0000000100000000)
  eden space 33280K, 100% used [0x00000000d5980000,0x00000000d7a00000,0x00000000d7a00000)
  from space 5120K, 0% used [0x00000000d7a00000,0x00000000d7a00000,0x00000000d7f00000)
  to   space 5120K, 0% used [0x00000000d7f00000,0x00000000d7f00000,0x00000000d8400000)
 ParOldGen       total 49664K, used 9419K [0x0000000080c00000, 0x0000000083c80000, 0x00000000d5980000)
  object space 49664K, 18% used [0x0000000080c00000,0x0000000081532eb8,0x0000000083c80000)
 Metaspace       used 20608K, capacity 21654K, committed 21888K, reserved 1069056K
  class space    used 2708K, capacity 2908K, committed 2944K, reserved 1048576K
Event: 32.971 GC heap after
Heap after GC invocations=5 (full 1):
 PSYoungGen      total 38400K, used 5118K [0x00000000d5980000, 0x00000000d8400000, 0x0000000100000000)
  eden space 33280K, 0% used [0x00000000d5980000,0x00000000d5980000,0x00000000d7a00000)
  from space 5120K, 99% used [0x00000000d7f00000,0x00000000d83ff958,0x00000000d8400000)
  to   space 5120K, 0% used [0x00000000d7a00000,0x00000000d7a00000,0x00000000d7f00000)
 ParOldGen       total 49664K, used 14409K [0x0000000080c00000, 0x0000000083c80000, 0x00000000d5980000)
  object space 49664K, 29% used [0x0000000080c00000,0x0000000081a125a8,0x0000000083c80000)
 Metaspace       used 20608K, capacity 21654K, committed 21888K, reserved 1069056K
  class space    used 2708K, capacity 2908K, committed 2944K, reserved 1048576K
}
Event: 33.201 GC heap before
{Heap before GC invocations=6 (full 1):
 PSYoungGen      total 38400K, used 38398K [0x00000000d5980000, 0x00000000d8400000, 0x0000000100000000)
  eden space 33280K, 100% used [0x00000000d5980000,0x00000000d7a00000,0x00000000d7a00000)
  from space 5120K, 99% used [0x00000000d7f00000,0x00000000d83ff958,0x00000000d8400000)
  to   space 5120K, 0% used [0x00000000d7a00000,0x00000000d7a00000,0x00000000d7f00000)
 ParOldGen       total 49664K, used 14409K [0x0000000080c00000, 0x0000000083c80000, 0x00000000d5980000)
  object space 49664K, 29% used [0x0000000080c00000,0x0000000081a125a8,0x0000000083c80000)
 Metaspace       used 20649K, capacity 21718K, committed 21888K, reserved 1069056K
  class space    used 2708K, capacity 2908K, committed 2944K, reserved 1048576K
Event: 33.213 GC heap after
Heap after GC invocations=6 (full 1):
 PSYoungGen      total 38400K, used 5118K [0x00000000d5980000, 0x00000000dc500000, 0x0000000100000000)
  eden space 33280K, 0% used [0x00000000d5980000,0x00000000d5980000,0x00000000d7a00000)
  from space 5120K, 99% used [0x00000000d7a00000,0x00000000d7effaa0,0x00000000d7f00000)
  to   space 23040K, 0% used [0x00000000dae80000,0x00000000dae80000,0x00000000dc500000)
 ParOldGen       total 49664K, used 31698K [0x0000000080c00000, 0x0000000083c80000, 0x00000000d5980000)
  object space 49664K, 63% used [0x0000000080c00000,0x0000000082af4be0,0x0000000083c80000)
 Metaspace       used 20649K, capacity 21718K, committed 21888K, reserved 1069056K
  class space    used 2708K, capacity 2908K, committed 2944K, reserved 1048576K
}
Event: 33.292 GC heap before
{Heap before GC invocations=7 (full 1):
 PSYoungGen      total 38400K, used 38398K [0x00000000d5980000, 0x00000000dc500000, 0x0000000100000000)
  eden space 33280K, 100% used [0x00000000d5980000,0x00000000d7a00000,0x00000000d7a00000)
  from space 5120K, 99% used [0x00000000d7a00000,0x00000000d7effaa0,0x00000000d7f00000)
  to   space 23040K, 0% used [0x00000000dae80000,0x00000000dae80000,0x00000000dc500000)
 ParOldGen       total 49664K, used 31698K [0x0000000080c00000, 0x0000000083c80000, 0x00000000d5980000)
  object space 49664K, 63% used [0x0000000080c00000,0x0000000082af4be0,0x0000000083c80000)
 Metaspace       used 20663K, capacity 21782K, committed 21888K, reserved 1069056K
  class space    used 2708K, capacity 2908K, committed 2944K, reserved 1048576K
Event: 33.296 GC heap after
Heap after GC invocations=7 (full 1):
 PSYoungGen      total 87040K, used 5214K [0x00000000d5980000, 0x00000000dc400000, 0x0000000100000000)
  eden space 65024K, 0% used [0x00000000d5980000,0x00000000d5980000,0x00000000d9900000)
  from space 22016K, 23% used [0x00000000dae80000,0x00000000db397aa0,0x00000000dc400000)
  to   space 22016K, 0% used [0x00000000d9900000,0x00000000d9900000,0x00000000dae80000)
 ParOldGen       total 49664K, used 31706K [0x0000000080c00000, 0x0000000083c80000, 0x00000000d5980000)
  object space 49664K, 63% used [0x0000000080c00000,0x0000000082af6be0,0x0000000083c80000)
 Metaspace       used 20663K, capacity 21782K, committed 21888K, reserved 1069056K
  class space    used 2708K, capacity 2908K, committed 2944K, reserved 1048576K
}
Event: 34.259 GC heap before
{Heap before GC invocations=8 (full 1):
 PSYoungGen      total 87040K, used 70238K [0x00000000d5980000, 0x00000000dc400000, 0x0000000100000000)
  eden space 65024K, 100% used [0x00000000d5980000,0x00000000d9900000,0x00000000d9900000)
  from space 22016K, 23% used [0x00000000dae80000,0x00000000db397aa0,0x00000000dc400000)
  to   space 22016K, 0% used [0x00000000d9900000,0x00000000d9900000,0x00000000dae80000)
 ParOldGen       total 49664K, used 31706K [0x0000000080c00000, 0x0000000083c80000, 0x00000000d5980000)
  object space 49664K, 63% used [0x0000000080c00000,0x0000000082af6be0,0x0000000083c80000)
 Metaspace       used 20708K, capacity 21782K, committed 21888K, reserved 1069056K
  class space    used 2708K, capacity 2908K, committed 2944K, reserved 1048576K
Event: 34.275 GC heap after
Heap after GC invocations=8 (full 1):
 PSYoungGen      total 87040K, used 21996K [0x00000000d5980000, 0x00000000e0b00000, 0x0000000100000000)
  eden space 65024K, 0% used [0x00000000d5980000,0x00000000d5980000,0x00000000d9900000)
  from space 22016K, 99% used [0x00000000d9900000,0x00000000dae7b088,0x00000000dae80000)
  to   space 27648K, 0% used [0x00000000df000000,0x00000000df000000,0x00000000e0b00000)
 ParOldGen       total 49664K, used 33373K [0x0000000080c00000, 0x0000000083c80000, 0x00000000d5980000)
  object space 49664K, 67% used [0x0000000080c00000,0x0000000082c977b0,0x0000000083c80000)
 Metaspace       used 20708K, capacity 21782K, committed 21888K, reserved 1069056K
  class space    used 2708K, capacity 2908K, committed 2944K, reserved 1048576K
}
Event: 52.204 GC heap before
{Heap before GC invocations=9 (full 2):
 PSYoungGen      total 87040K, used 87019K [0x00000000d5980000, 0x00000000e0b00000, 0x0000000100000000)
  eden space 65024K, 99% used [0x00000000d5980000,0x00000000d98ffce8,0x00000000d9900000)
  from space 22016K, 99% used [0x00000000d9900000,0x00000000dae7b088,0x00000000dae80000)
  to   space 27648K, 0% used [0x00000000df000000,0x00000000df000000,0x00000000e0b00000)
 ParOldGen       total 60928K, used 60430K [0x0000000080c00000, 0x0000000084780000, 0x00000000d5980000)
  object space 60928K, 99% used [0x0000000080c00000,0x0000000084703b30,0x0000000084780000)
 Metaspace       used 20774K, capacity 21850K, committed 22144K, reserved 1069056K
  class space    used 2709K, capacity 2908K, committed 2944K, reserved 1048576K
Event: 52.375 GC heap after
Heap after GC invocations=9 (full 2):
 PSYoungGen      total 87040K, used 15705K [0x00000000d5980000, 0x00000000e0b00000, 0x0000000100000000)
  eden space 65024K, 0% used [0x00000000d5980000,0x00000000d5980000,0x00000000d9900000)
  from space 22016K, 71% used [0x00000000d9900000,0x00000000da856668,0x00000000dae80000)
  to   space 27648K, 0% used [0x00000000df000000,0x00000000df000000,0x00000000e0b00000)
 ParOldGen       total 114176K, used 60817K [0x0000000080c00000, 0x0000000087b80000, 0x00000000d5980000)
  object space 114176K, 53% used [0x0000000080c00000,0x0000000084764680,0x0000000087b80000)
 Metaspace       used 20774K, capacity 21850K, committed 22144K, reserved 1069056K
  class space    used 2709K, capacity 2908K, committed 2944K, reserved 1048576K
}

